<?xml version="1.0" encoding="UTF-8"?>
<!-- Generated by org.testng.reporters.JUnitReportReporter -->
<testsuite skipped="0" hostname="Smita" name="com.test.NewTest" tests="1" failures="0" timestamp="23 Jan 2019 14:02:26 GMT" time="29.414" errors="0">
  <testcase name="testEasy" time="29.414" classname="com.test.NewTest"/>
</testsuite> <!-- com.test.NewTest -->
